<proceso,5,1>
<id,triangulorectangulo,5,9>
<definir,9,5>
<id,l1,9,13>
<token_coma,9,15>
<id,l2,9,16>
<token_coma,9,18>
<id,l3,9,19>
<como,9,22>
<real,9,27>
<token_pyc,9,31>
<escribir,10,5>
<token_cadena,ingrese el lado 1:,10,14>
<token_pyc,10,34>
<leer,11,5>
<id,l1,11,10>
<token_pyc,11,12>
<escribir,12,5>
<token_cadena,ingrese el lado 2:,12,14>
<token_pyc,12,34>
<leer,13,5>
<id,l2,13,10>
<token_pyc,13,12>
<escribir,14,5>
<token_cadena,ingrese el lado 3:,14,14>
<token_pyc,14,34>
<leer,15,5>
<id,l3,15,10>
<token_pyc,15,12>
<definir,18,5>
<id,cat1,18,13>
<token_coma,18,17>
<id,cat2,18,18>
<token_coma,18,22>
<id,hip,18,23>
<como,18,27>
<real,18,32>
<token_pyc,18,36>
<si,19,5>
<id,l1,19,8>
<token_mayor,19,10>
<id,l2,19,11>
<entonces,19,14>
<id,cat1,20,9>
<token_asig,20,13>
<id,l2,20,15>
<token_pyc,20,17>
<si,21,9>
<id,l1,21,12>
<token_mayor,21,14>
<id,l3,21,15>
<entonces,21,18>
<id,hip,22,13>
<token_asig,22,16>
<id,l1,22,18>
<token_pyc,22,20>
<id,cat2,23,13>
<token_asig,23,17>
<id,l3,23,19>
<token_pyc,23,21>
<sino,24,9>
<id,hip,25,13>
<token_asig,25,16>
<id,l3,25,18>
<token_pyc,25,20>
<id,cat2,26,13>
<token_asig,26,17>
<id,l1,26,19>
<token_pyc,26,21>
<finsi,27,9>
<sino,28,5>
<id,cat1,29,9>
<token_asig,29,13>
<id,l1,29,15>
<token_pyc,29,17>
<si,30,9>
<id,l2,30,12>
<token_mayor,30,14>
<id,l3,30,15>
<entonces,30,18>
<id,hip,31,13>
<token_asig,31,16>
<id,l2,31,18>
<token_pyc,31,20>
<id,cat2,32,13>
<token_asig,32,17>
<id,l3,32,19>
<token_pyc,32,21>
<sino,33,9>
<id,hip,34,13>
<token_asig,34,16>
<id,l3,34,18>
<token_pyc,34,20>
<id,cat2,35,13>
<token_asig,35,17>
<id,l2,35,19>
<token_pyc,35,21>
<finsi,36,9>
<finsi,37,5>
<si,40,5>
<id,hip,40,8>
<token_pot,40,11>
<token_entero,2,40,12>
<token_igual,40,14>
<id,cat1,40,16>
<token_pot,40,20>
<token_entero,2,40,21>
<token_mas,40,23>
<token_mas,40,24>
<id,cat2,40,26>
<token_pot,40,30>
<token_entero,2,40,31>
<entonces,40,33>
<definir,42,9>
<id,area,42,17>
<como,42,22>
<real,42,27>
<token_pyc,42,31>
<id,area,43,9>
<token_asig,43,13>
<token_par_izq,43,15>
<id,cat1,43,16>
<token_mul,43,20>
<id,cat2,43,21>
<token_par_der,43,25>
<token_div,43,26>
<token_entero,2,43,27>
<token_pyc,43,28>
<escribir,44,9>
<token_cadena,el area es: ,44,18>
<token_coma,44,32>
<id,area,44,33>
<token_pyc,44,37>
<sino,45,5>
<escribir,46,9>
<token_cadena,no es un triangulo rectangulo.,46,18>
<token_pyc,46,50>
<finsi,47,5>
<finproceso,49,1>
