<funcion,1,1>
<id,h,1,9>
<token_asig,1,11>
<id,xd,1,14>
<token_par_izq,1,16>
<id,t,1,17>
<token_par_der,1,18>
<escribir,2,5>
<token_cadena,hola,2,14>
<token_pyc,2,20>
<finfuncion,3,1>
<algoritmo,4,1>
<id,mi_algoritmo,4,11>
<definir,5,5>
<id,a,5,13>
<como,5,15>
<entero,5,20>
<token_pyc,5,26>
<definir,6,5>
<id,b,6,13>
<como,6,15>
<real,6,20>
<token_pyc,6,24>
<id,a,7,5>
<token_asig,7,7>
<id,xd,7,10>
<token_par_izq,7,12>
<token_entero,6,7,13>
<token_coma,7,14>
<token_entero,2,7,16>
<token_coma,7,17>
<id,f,7,19>
<token_cor_izq,7,20>
<token_entero,2,7,21>
<token_cor_der,7,22>
<token_coma,7,23>
<token_par_izq,7,25>
<token_entero,2,7,26>
<token_mul,7,28>
<token_entero,3,7,30>
<token_par_der,7,31>
<token_mas,7,33>
<id,xd,7,35>
<token_par_izq,7,37>
<token_entero,8,7,38>
<token_pot,7,39>
<token_entero,2,7,40>
<token_par_der,7,41>
<token_par_der,7,42>
<token_pyc,7,43>
<finproceso,8,1>
