<funcion,1,1>
<id,s,1,9>
<token_asig,1,10>
<id,potencia,1,12>
<token_par_izq,1,20>
<id,a,1,21>
<token_coma,1,22>
<id,b,1,23>
<token_par_der,1,24>
<definir,2,5>
<id,s,2,13>
<como,2,15>
<real,2,20>
<token_pyc,2,24>
<id,s,3,5>
<token_asig,3,7>
<id,a,3,10>
<token_pot,3,11>
<id,b,3,12>
<token_pyc,3,13>
<finfuncion,4,1>
<proceso,6,1>
<id,potenciador,6,9>
<escribir,8,5>
<id,potencia,8,14>
<token_par_izq,8,22>
<token_entero,1,8,23>
<token_coma,8,24>
<token_entero,2,8,25>
<token_par_der,8,26>
<token_pyc,8,27>
<finproceso,9,1>
